Создание файлов началось...
/tmp/aaazaz_090225/z.z.z_090225.zaz | Sun Feb  9 00:12:01 MSK 2025 | 50MB
/tmp/aaazaz_090225/.zzza.._090225..aa | Sun Feb  9 00:12:01 MSK 2025 | 50MB
/tmp/aaazaz_090225/aaazz.a_090225.aaz | Sun Feb  9 00:12:02 MSK 2025 | 50MB
/tmp/aaazaz_090225/za..az_090225.zz. | Sun Feb  9 00:12:02 MSK 2025 | 50MB
/tmp/aaazaz_090225/azza_090225..za | Sun Feb  9 00:12:02 MSK 2025 | 50MB
/tmp/aaazaz_090225/az.z_090225..zz | Sun Feb  9 00:12:02 MSK 2025 | 50MB
/tmp/aaazaz_090225/a.zaz_090225.aaz | Sun Feb  9 00:12:02 MSK 2025 | 50MB
/tmp/aaazaz_090225/a.azz_090225...a | Sun Feb  9 00:12:02 MSK 2025 | 50MB
/tmp/zzzzzz_090225/aaaa.az_090225.zaz | Sun Feb  9 00:12:02 MSK 2025 | 50MB
/tmp/zzzzzz_090225/.zzzzz_090225.azz | Sun Feb  9 00:12:02 MSK 2025 | 50MB
/tmp/zzzzzz_090225/.azaz.z_090225.z.a | Sun Feb  9 00:12:02 MSK 2025 | 50MB
/tmp/zzzzzz_090225/z..z_090225.a.a | Sun Feb  9 00:12:02 MSK 2025 | 50MB
/tmp/zzzzzz_090225/aaz.za_090225.aa. | Sun Feb  9 00:12:02 MSK 2025 | 50MB
/tmp/zzzzzz_090225/aaza_090225.a.a | Sun Feb  9 00:12:02 MSK 2025 | 50MB
/tmp/zzzaa_090225/zzzz_090225.zzz | Sun Feb  9 00:12:02 MSK 2025 | 50MB
/tmp/zzzaa_090225/zzzazaa_090225.a.a | Sun Feb  9 00:12:02 MSK 2025 | 50MB
/tmp/zzzaa_090225/zazazaz_090225..zz | Sun Feb  9 00:12:02 MSK 2025 | 50MB
/tmp/zzzaa_090225/.z.z_090225.aaa | Sun Feb  9 00:12:02 MSK 2025 | 50MB
/tmp/zzzaa_090225/zzzzza_090225.az. | Sun Feb  9 00:12:02 MSK 2025 | 50MB
/tmp/zzzaa_090225/.a..zza_090225.zza | Sun Feb  9 00:12:02 MSK 2025 | 50MB
/tmp/zzzaa_090225/aazzza_090225.zza | Sun Feb  9 00:12:02 MSK 2025 | 50MB
/tmp/zzzaa_090225/zazazaz_090225.zaz | Sun Feb  9 00:12:02 MSK 2025 | 50MB
/tmp/zzzaa_090225/.a.azaz_090225..aa | Sun Feb  9 00:12:02 MSK 2025 | 50MB
/tmp/zzzaa_090225/zazaz_090225.a.z | Sun Feb  9 00:12:02 MSK 2025 | 50MB
/tmp/aazazza_090225/a.zz.za_090225..az | Sun Feb  9 00:12:02 MSK 2025 | 50MB
/tmp/aazazza_090225/aa.zz_090225.az. | Sun Feb  9 00:12:02 MSK 2025 | 50MB
/tmp/aazazza_090225/azzaaa_090225.azz | Sun Feb  9 00:12:02 MSK 2025 | 50MB
/tmp/aazazza_090225/a.zzz_090225.za. | Sun Feb  9 00:12:02 MSK 2025 | 50MB
/tmp/aazazza_090225/a..z_090225.aza | Sun Feb  9 00:12:02 MSK 2025 | 50MB
/tmp/aazazza_090225/zazzz_090225.zz. | Sun Feb  9 00:12:02 MSK 2025 | 50MB
/tmp/aazazza_090225/az..zzz_090225.z.z | Sun Feb  9 00:12:02 MSK 2025 | 50MB
/tmp/aazazza_090225/aaza.za_090225.azz | Sun Feb  9 00:12:02 MSK 2025 | 50MB
/tmp/aazazza_090225/.zaz_090225..az | Sun Feb  9 00:12:02 MSK 2025 | 50MB
/tmp/aazazza_090225/.zazza_090225.a.a | Sun Feb  9 00:12:02 MSK 2025 | 50MB
/tmp/azza_090225/azazza_090225.aaa | Sun Feb  9 00:12:02 MSK 2025 | 50MB
/tmp/azza_090225/a.aa_090225.zzz | Sun Feb  9 00:12:02 MSK 2025 | 50MB
/tmp/azza_090225/zza.z.a_090225..aa | Sun Feb  9 00:12:02 MSK 2025 | 50MB
/tmp/azza_090225/z..z_090225.aaz | Sun Feb  9 00:12:02 MSK 2025 | 50MB
/tmp/azza_090225/aaz.z.a_090225..za | Sun Feb  9 00:12:02 MSK 2025 | 50MB
/tmp/azza_090225/zz.z_090225.aa. | Sun Feb  9 00:12:02 MSK 2025 | 50MB
/tmp/azzaaaa_090225/azza_090225.azz | Sun Feb  9 00:12:03 MSK 2025 | 50MB
/tmp/azaz_090225/zazaazz_090225.zz. | Sun Feb  9 00:12:03 MSK 2025 | 50MB
/tmp/azaz_090225/a.za_090225.z.a | Sun Feb  9 00:12:03 MSK 2025 | 50MB
/tmp/azaz_090225/.z.zza_090225.zza | Sun Feb  9 00:12:03 MSK 2025 | 50MB
/tmp/azaz_090225/z.azzza_090225.z.z | Sun Feb  9 00:12:03 MSK 2025 | 50MB
/tmp/azaz_090225/zzaazaz_090225.aza | Sun Feb  9 00:12:03 MSK 2025 | 50MB
/tmp/aazzzz_090225/zaaz_090225...z | Sun Feb  9 00:12:03 MSK 2025 | 50MB
/tmp/azzazz_090225/..azz_090225.za. | Sun Feb  9 00:12:03 MSK 2025 | 50MB
/tmp/azzazz_090225/aazza_090225.azz | Sun Feb  9 00:12:03 MSK 2025 | 50MB
/tmp/azzazz_090225/azzzz.a_090225.zza | Sun Feb  9 00:12:03 MSK 2025 | 50MB
/tmp/azzazz_090225/.z.aaz_090225.za. | Sun Feb  9 00:12:03 MSK 2025 | 50MB
/tmp/azzazz_090225/aaaa_090225.azz | Sun Feb  9 00:12:03 MSK 2025 | 50MB
/tmp/azzazz_090225/zza.a_090225.aaa | Sun Feb  9 00:12:03 MSK 2025 | 50MB
/tmp/azzazz_090225/.z..zz_090225.z.z | Sun Feb  9 00:12:03 MSK 2025 | 50MB
/tmp/azzazz_090225/zzaaazz_090225..aa | Sun Feb  9 00:12:03 MSK 2025 | 50MB
/tmp/azzazz_090225/a.zaa_090225.zaa | Sun Feb  9 00:12:03 MSK 2025 | 50MB
/tmp/aaaazaa_090225/aa.az_090225.aaa | Sun Feb  9 00:12:03 MSK 2025 | 50MB
/tmp/aaaazaa_090225/.z.zaz_090225.zza | Sun Feb  9 00:12:03 MSK 2025 | 50MB
/tmp/aaaazaa_090225/z..a_090225.zaa | Sun Feb  9 00:12:03 MSK 2025 | 50MB
/tmp/aaaazaa_090225/z.zzzz._090225.zza | Sun Feb  9 00:12:03 MSK 2025 | 50MB
/tmp/aaaz_090225/a..a.._090225.zaa | Sun Feb  9 00:12:03 MSK 2025 | 50MB
/tmp/aaaz_090225/aaz._090225.za. | Sun Feb  9 00:12:03 MSK 2025 | 50MB
/tmp/aaaz_090225/zzaa._090225.az. | Sun Feb  9 00:12:03 MSK 2025 | 50MB
/tmp/aaaz_090225/z.z.._090225.z.a | Sun Feb  9 00:12:03 MSK 2025 | 50MB
/tmp/aaaz_090225/zzz._090225.zz. | Sun Feb  9 00:12:03 MSK 2025 | 50MB
/tmp/aaaz_090225/aaaaaz_090225.az. | Sun Feb  9 00:12:03 MSK 2025 | 50MB
/tmp/aaaz_090225/zz.aaz_090225.zaz | Sun Feb  9 00:12:03 MSK 2025 | 50MB
/tmp/zzazaaa_090225/.zaa._090225.a.a | Sun Feb  9 00:12:03 MSK 2025 | 50MB
/tmp/zzazaaa_090225/z.a.za_090225.zaz | Sun Feb  9 00:12:03 MSK 2025 | 50MB
/tmp/azzazza_090225/az.zz_090225.zaz | Sun Feb  9 00:12:03 MSK 2025 | 50MB
/tmp/azzazza_090225/z.aazzz_090225.aaa | Sun Feb  9 00:12:03 MSK 2025 | 50MB
/tmp/azzazza_090225/.a.z._090225..aa | Sun Feb  9 00:12:03 MSK 2025 | 50MB
/tmp/azzazza_090225/za.za_090225.aza | Sun Feb  9 00:12:03 MSK 2025 | 50MB
/tmp/azzazza_090225/zazza_090225.zzz | Sun Feb  9 00:12:03 MSK 2025 | 50MB
/tmp/azzazza_090225/aa.a_090225.a.a | Sun Feb  9 00:12:03 MSK 2025 | 50MB
/tmp/azzazza_090225/zazazz_090225.a.a | Sun Feb  9 00:12:03 MSK 2025 | 50MB
/tmp/azzazza_090225/.zz._090225..a. | Sun Feb  9 00:12:03 MSK 2025 | 50MB
/tmp/zaazaz_090225/azaa_090225.zzz | Sun Feb  9 00:12:03 MSK 2025 | 50MB
/tmp/zaazaz_090225/z.z..z_090225.zzz | Sun Feb  9 00:12:03 MSK 2025 | 50MB
/tmp/zaazaz_090225/zzz.z._090225.aaa | Sun Feb  9 00:12:03 MSK 2025 | 50MB
/tmp/zaazaz_090225/.aaz_090225.za. | Sun Feb  9 00:12:03 MSK 2025 | 50MB
/tmp/zaazaz_090225/a.zz_090225.z.. | Sun Feb  9 00:12:04 MSK 2025 | 50MB
/tmp/zaazaz_090225/.z.zaa_090225.aa. | Sun Feb  9 00:12:04 MSK 2025 | 50MB
/tmp/zaazaz_090225/azza._090225.zza | Sun Feb  9 00:12:04 MSK 2025 | 50MB
/tmp/zaazaz_090225/a..zza._090225.a.a | Sun Feb  9 00:12:04 MSK 2025 | 50MB
/tmp/aazz_090225/zzaz_090225.aa. | Sun Feb  9 00:12:04 MSK 2025 | 50MB
/tmp/zzzzzza_090225/az.a_090225.za. | Sun Feb  9 00:12:04 MSK 2025 | 50MB
/tmp/zzzzzza_090225/zzzzaz._090225.zz. | Sun Feb  9 00:12:04 MSK 2025 | 50MB
/tmp/zzzzzza_090225/azaaz_090225.aaa | Sun Feb  9 00:12:04 MSK 2025 | 50MB
/tmp/zzzzzza_090225/za..a_090225.zzz | Sun Feb  9 00:12:04 MSK 2025 | 50MB
/tmp/zzzzzza_090225/zzzaa_090225..za | Sun Feb  9 00:12:04 MSK 2025 | 50MB
/tmp/zzzzzza_090225/zz.a_090225.zzz | Sun Feb  9 00:12:04 MSK 2025 | 50MB
/tmp/zzzzzza_090225/z.zazaa_090225.za. | Sun Feb  9 00:12:04 MSK 2025 | 50MB
/tmp/zzzzzza_090225/zaaa_090225.az. | Sun Feb  9 00:12:04 MSK 2025 | 50MB
/tmp/zzzzzza_090225/z.zaa_090225.aza | Sun Feb  9 00:12:04 MSK 2025 | 50MB
/tmp/zzzzzza_090225/zzaaza_090225.aza | Sun Feb  9 00:12:04 MSK 2025 | 50MB
/tmp/aaaza_090225/zzza_090225.zzz | Sun Feb  9 00:12:04 MSK 2025 | 50MB
/tmp/aaaza_090225/.z.aaa_090225.zza | Sun Feb  9 00:12:04 MSK 2025 | 50MB
/tmp/aaaza_090225/a.a.aaz_090225.aza | Sun Feb  9 00:12:04 MSK 2025 | 50MB
/tmp/aaaza_090225/a.zza_090225..za | Sun Feb  9 00:12:04 MSK 2025 | 50MB
/tmp/aaaza_090225/z.zzaza_090225..zz | Sun Feb  9 00:12:04 MSK 2025 | 50MB
/tmp/aaaza_090225/za.a_090225.zaz | Sun Feb  9 00:12:04 MSK 2025 | 50MB
/tmp/aaaazz_090225/zz.z.a_090225.aaa | Sun Feb  9 00:12:04 MSK 2025 | 50MB
/tmp/azaz_090225/.a.a._090225..za | Sun Feb  9 00:12:04 MSK 2025 | 50MB
/tmp/aaaazz_090225/.zaza._090225.zaa | Sun Feb  9 00:12:04 MSK 2025 | 50MB
/tmp/aaaazz_090225/zzaa.za_090225.z.z | Sun Feb  9 00:12:04 MSK 2025 | 50MB
/tmp/aaaazz_090225/a.z.a_090225.a.z | Sun Feb  9 00:12:04 MSK 2025 | 50MB
/tmp/aaaazz_090225/zzaaa.a_090225.azz | Sun Feb  9 00:12:04 MSK 2025 | 50MB
/tmp/aazazza_090225/aa.z_090225.zzz | Sun Feb  9 00:12:02 MSK 2025 | 50MB
/tmp/aazazza_090225/zazza_090225.aaz | Sun Feb  9 00:12:02 MSK 2025 | 50MB
/tmp/aazazza_090225/..zaza_090225..aa | Sun Feb  9 00:12:02 MSK 2025 | 50MB
/tmp/aazazza_090225/..aazz_090225.aza | Sun Feb  9 00:12:02 MSK 2025 | 50MB
/tmp/azzaz_090225/zaaa_090225..aa | Sun Feb  9 00:12:02 MSK 2025 | 50MB
/tmp/azzaz_090225/aaazza_090225.az. | Sun Feb  9 00:12:02 MSK 2025 | 50MB
/tmp/azzaz_090225/.aza_090225.az. | Sun Feb  9 00:12:02 MSK 2025 | 50MB
/tmp/azzaz_090225/.az._090225..az | Sun Feb  9 00:12:02 MSK 2025 | 50MB
/tmp/azzaz_090225/.zzz..._090225.azz | Sun Feb  9 00:12:02 MSK 2025 | 50MB
/tmp/azzaz_090225/a..za_090225.z.a | Sun Feb  9 00:12:02 MSK 2025 | 50MB
/tmp/azzaz_090225/azzaaa_090225.aza | Sun Feb  9 00:12:02 MSK 2025 | 50MB
/tmp/azzaz_090225/z.zzz_090225.... | Sun Feb  9 00:12:02 MSK 2025 | 50MB
/tmp/zzaaaa_090225/aazaa_090225.aaa | Sun Feb  9 00:12:02 MSK 2025 | 50MB
/tmp/zaaa_090225/..zz_090225.a.. | Sun Feb  9 00:12:02 MSK 2025 | 50MB
/tmp/zaaa_090225/azazaz_090225..az | Sun Feb  9 00:12:02 MSK 2025 | 50MB
/tmp/zaaa_090225/zaza.az_090225.azz | Sun Feb  9 00:12:02 MSK 2025 | 50MB
/tmp/zaaa_090225/azzz_090225.aza | Sun Feb  9 00:12:02 MSK 2025 | 50MB
/tmp/zaaa_090225/z.aaz_090225.zza | Sun Feb  9 00:12:02 MSK 2025 | 50MB
/tmp/zaaa_090225/zzaaa.a_090225.zaz | Sun Feb  9 00:12:02 MSK 2025 | 50MB
/tmp/zaaa_090225/zzzzzzz_090225..az | Sun Feb  9 00:12:02 MSK 2025 | 50MB
/tmp/zaaa_090225/zazzzaz_090225.azz | Sun Feb  9 00:12:02 MSK 2025 | 50MB
/tmp/zaaa_090225/aazaazz_090225.z.a | Sun Feb  9 00:12:02 MSK 2025 | 50MB
/tmp/azzaaa_090225/a..z._090225..zz | Sun Feb  9 00:12:02 MSK 2025 | 50MB
/tmp/azzaaa_090225/...z_090225.aa. | Sun Feb  9 00:12:02 MSK 2025 | 50MB
/tmp/azzaaa_090225/.aza_090225..zz | Sun Feb  9 00:12:02 MSK 2025 | 50MB
/tmp/azzaaa_090225/a.zz.._090225..aa | Sun Feb  9 00:12:02 MSK 2025 | 50MB
/tmp/azzaaa_090225/zaaz_090225.z.a | Sun Feb  9 00:12:02 MSK 2025 | 50MB
/tmp/azzaaa_090225/a.a._090225..aa | Sun Feb  9 00:12:02 MSK 2025 | 50MB
/tmp/azzaaa_090225/.az.._090225..az | Sun Feb  9 00:12:02 MSK 2025 | 50MB
/tmp/azzaaa_090225/azaaaa_090225.a.. | Sun Feb  9 00:12:02 MSK 2025 | 50MB
/tmp/aazz_090225/aa.z.._090225.az. | Sun Feb  9 00:12:03 MSK 2025 | 50MB
/tmp/aazz_090225/zzazaz_090225.a.a | Sun Feb  9 00:12:03 MSK 2025 | 50MB
/tmp/aazz_090225/aaaa_090225.zaa | Sun Feb  9 00:12:03 MSK 2025 | 50MB
/tmp/aazz_090225/azaz_090225.aaa | Sun Feb  9 00:12:03 MSK 2025 | 50MB
/tmp/azzzza_090225/azaazz_090225.aaa | Sun Feb  9 00:12:03 MSK 2025 | 50MB
/tmp/zzzzaz_090225/zz.a_090225.zza | Sun Feb  9 00:12:03 MSK 2025 | 50MB
/tmp/zzzzaz_090225/aaaz_090225.a.z | Sun Feb  9 00:12:03 MSK 2025 | 50MB
/tmp/zzzzaz_090225/zazzzz_090225..za | Sun Feb  9 00:12:03 MSK 2025 | 50MB
/tmp/zzaaaaa_090225/a.z.za_090225.az. | Sun Feb  9 00:12:03 MSK 2025 | 50MB
/tmp/zzaaaaa_090225/azaz_090225..aa | Sun Feb  9 00:12:03 MSK 2025 | 50MB
/tmp/zzaaaaa_090225/.aaaa.._090225.zaz | Sun Feb  9 00:12:03 MSK 2025 | 50MB
/tmp/zzaaaaa_090225/..za._090225..z. | Sun Feb  9 00:12:03 MSK 2025 | 50MB
/tmp/zzaaaaa_090225/azaaa_090225.a.a | Sun Feb  9 00:12:03 MSK 2025 | 50MB
/tmp/zzaaaaa_090225/azzaz_090225.aza | Sun Feb  9 00:12:03 MSK 2025 | 50MB
/tmp/zzaaaaa_090225/zzaza_090225.zzz | Sun Feb  9 00:12:03 MSK 2025 | 50MB
/tmp/zzaaaaa_090225/aaz.aa_090225.azz | Sun Feb  9 00:12:03 MSK 2025 | 50MB
/tmp/zazzza_090225/zzaa_090225.zaa | Sun Feb  9 00:12:03 MSK 2025 | 50MB
/tmp/zazzza_090225/z.azaz_090225..aa | Sun Feb  9 00:12:03 MSK 2025 | 50MB
/tmp/zazzza_090225/.zaaz_090225.zaz | Sun Feb  9 00:12:03 MSK 2025 | 50MB
/tmp/zazzza_090225/azzz_090225.zza | Sun Feb  9 00:12:03 MSK 2025 | 50MB
/tmp/zazzza_090225/za.zz_090225.aza | Sun Feb  9 00:12:03 MSK 2025 | 50MB
/tmp/zazzza_090225/..azza_090225.aza | Sun Feb  9 00:12:03 MSK 2025 | 50MB
/tmp/zazzza_090225/az.zaz_090225.a.z | Sun Feb  9 00:12:03 MSK 2025 | 50MB
/tmp/zazzza_090225/aza.z._090225.azz | Sun Feb  9 00:12:03 MSK 2025 | 50MB
/tmp/zazzza_090225/.aazaaa_090225.zza | Sun Feb  9 00:12:03 MSK 2025 | 50MB
/tmp/zazzza_090225/zzzzazz_090225.aa. | Sun Feb  9 00:12:03 MSK 2025 | 50MB
/tmp/zzzz_090225/zaaazzz_090225.zaa | Sun Feb  9 00:12:03 MSK 2025 | 50MB
/tmp/zzzz_090225/zaaz_090225.aaa | Sun Feb  9 00:12:03 MSK 2025 | 50MB
/tmp/zzzz_090225/a.za.z._090225.a.. | Sun Feb  9 00:12:03 MSK 2025 | 50MB
/tmp/zzzz_090225/aza.a_090225.az. | Sun Feb  9 00:12:03 MSK 2025 | 50MB
/tmp/zzzz_090225/z.az_090225.a.z | Sun Feb  9 00:12:03 MSK 2025 | 50MB
/tmp/zzzz_090225/aa.zz_090225...a | Sun Feb  9 00:12:03 MSK 2025 | 50MB
/tmp/azzzz_090225/zaza_090225.aza | Sun Feb  9 00:12:03 MSK 2025 | 50MB
/tmp/azzzz_090225/azzaz_090225.zaa | Sun Feb  9 00:12:03 MSK 2025 | 50MB
/tmp/azzzz_090225/.zza_090225.aaa | Sun Feb  9 00:12:03 MSK 2025 | 50MB
/tmp/azzzz_090225/aaz._090225.zzz | Sun Feb  9 00:12:03 MSK 2025 | 50MB
/tmp/azzzz_090225/zazz_090225.zaa | Sun Feb  9 00:12:03 MSK 2025 | 50MB
/tmp/azzzz_090225/.zaz_090225..za | Sun Feb  9 00:12:03 MSK 2025 | 50MB
/tmp/zaaz_090225/zaaz.aa_090225.z.z | Sun Feb  9 00:12:03 MSK 2025 | 50MB
/tmp/zaaz_090225/zzaz_090225.zaz | Sun Feb  9 00:12:03 MSK 2025 | 50MB
/tmp/azazzaa_090225/zzazza_090225.aaa | Sun Feb  9 00:12:03 MSK 2025 | 50MB
/tmp/azazzaa_090225/za.aaaz_090225.z.z | Sun Feb  9 00:12:03 MSK 2025 | 50MB
/tmp/azazzaa_090225/z.aa_090225.za. | Sun Feb  9 00:12:04 MSK 2025 | 50MB
/tmp/azazzaa_090225/zzaaaaa_090225.zzz | Sun Feb  9 00:12:04 MSK 2025 | 50MB
/tmp/azazzaa_090225/azaazaa_090225.aaa | Sun Feb  9 00:12:04 MSK 2025 | 50MB
/tmp/azazzaa_090225/zzzza_090225.zz. | Sun Feb  9 00:12:04 MSK 2025 | 50MB
/tmp/zzzazaz_090225/az.zaza_090225.zaa | Sun Feb  9 00:12:04 MSK 2025 | 50MB
/tmp/zzzazaz_090225/a..z.z_090225.zaz | Sun Feb  9 00:12:04 MSK 2025 | 50MB
/tmp/zzzazaz_090225/za..aa_090225.aaa | Sun Feb  9 00:12:04 MSK 2025 | 50MB
/tmp/aaaz_090225/z...zz_090225.zza | Sun Feb  9 00:12:04 MSK 2025 | 50MB
/tmp/aaaz_090225/.a.zzaa_090225.aa. | Sun Feb  9 00:12:04 MSK 2025 | 50MB
/tmp/zazaaa_090225/aaaz_090225.zaa | Sun Feb  9 00:12:04 MSK 2025 | 50MB
/tmp/azza_090225/a.zzza_090225..zz | Sun Feb  9 00:12:04 MSK 2025 | 50MB
/tmp/azza_090225/z.aaz.z_090225.aaz | Sun Feb  9 00:12:04 MSK 2025 | 50MB
/tmp/zazzzza_090225/zz.azaz_090225.aza | Sun Feb  9 00:12:04 MSK 2025 | 50MB
/tmp/zazzzza_090225/aaa._090225.azz | Sun Feb  9 00:12:04 MSK 2025 | 50MB
/tmp/zazzzza_090225/za.zzaz_090225.z.z | Sun Feb  9 00:12:04 MSK 2025 | 50MB
/tmp/zazzzza_090225/zazz.zz_090225.zzz | Sun Feb  9 00:12:04 MSK 2025 | 50MB
/tmp/zazzzza_090225/a.zazza_090225.aza | Sun Feb  9 00:12:04 MSK 2025 | 50MB
/tmp/zazzzza_090225/zazzaz._090225.aaz | Sun Feb  9 00:12:04 MSK 2025 | 50MB
/tmp/zazzzza_090225/azazzza_090225.aaz | Sun Feb  9 00:12:04 MSK 2025 | 50MB
/tmp/zazzzza_090225/azzz.z_090225.za. | Sun Feb  9 00:12:04 MSK 2025 | 50MB
/tmp/zazzzza_090225/.a.zaz_090225.az. | Sun Feb  9 00:12:04 MSK 2025 | 50MB
/tmp/zazzzza_090225/zz.aa_090225..az | Sun Feb  9 00:12:04 MSK 2025 | 50MB
/tmp/azazz_090225/.zaz_090225.zz. | Sun Feb  9 00:12:04 MSK 2025 | 50MB
/tmp/azazz_090225/z..z.z_090225.zaa | Sun Feb  9 00:12:04 MSK 2025 | 50MB
/tmp/azazz_090225/zaaz_090225.aza | Sun Feb  9 00:12:04 MSK 2025 | 50MB
/tmp/azazz_090225/zaaa_090225.za. | Sun Feb  9 00:12:04 MSK 2025 | 50MB
/tmp/azazz_090225/azzz_090225.zza | Sun Feb  9 00:12:04 MSK 2025 | 50MB
/tmp/azazz_090225/za.z_090225.aaa | Sun Feb  9 00:12:04 MSK 2025 | 50MB
/tmp/azazz_090225/.azza_090225.zza | Sun Feb  9 00:12:04 MSK 2025 | 50MB
/tmp/azazz_090225/.zaa_090225.aaz | Sun Feb  9 00:12:04 MSK 2025 | 50MB
/tmp/zzzzza_090225/zzaa_090225.azz | Sun Feb  9 00:12:04 MSK 2025 | 50MB
/tmp/zzzzza_090225/azzzza._090225.aaz | Sun Feb  9 00:12:04 MSK 2025 | 50MB
/tmp/zzzzza_090225/.az._090225.zzz | Sun Feb  9 00:12:04 MSK 2025 | 50MB
/tmp/zzzzza_090225/azz..z_090225.aaz | Sun Feb  9 00:12:04 MSK 2025 | 50MB
/tmp/zzzzza_090225/aaazz_090225.aza | Sun Feb  9 00:12:04 MSK 2025 | 50MB
/tmp/zzzzza_090225/zzaza._090225.aaz | Sun Feb  9 00:12:04 MSK 2025 | 50MB
/tmp/aaaaaza_090225/.aaa_090225.az. | Sun Feb  9 00:12:04 MSK 2025 | 50MB
/tmp/aaaaaza_090225/azz..a_090225.azz | Sun Feb  9 00:12:04 MSK 2025 | 50MB
/tmp/aaaaaza_090225/za.a_090225.zaa | Sun Feb  9 00:12:04 MSK 2025 | 50MB
/tmp/aaaaaza_090225/z.aaaaa_090225.aza | Sun Feb  9 00:12:04 MSK 2025 | 50MB
/tmp/aaaaaza_090225/az.a._090225.zzz | Sun Feb  9 00:12:04 MSK 2025 | 50MB
/tmp/aaaaaza_090225/..zzz_090225.aaz | Sun Feb  9 00:12:04 MSK 2025 | 50MB
/tmp/aaaaaza_090225/azzaaz_090225.z.z | Sun Feb  9 00:12:05 MSK 2025 | 50MB
/tmp/aaaaaza_090225/a.a..a_090225...z | Sun Feb  9 00:12:05 MSK 2025 | 50MB
/tmp/aaaaaza_090225/aaazz_090225.aza | Sun Feb  9 00:12:05 MSK 2025 | 50MB
/tmp/aaaaaza_090225/zaza._090225.aaa | Sun Feb  9 00:12:05 MSK 2025 | 50MB
/tmp/zazz_090225/z.z.za_090225.a.a | Sun Feb  9 00:12:05 MSK 2025 | 50MB
/tmp/zazz_090225/.z...aa_090225.z.z | Sun Feb  9 00:12:05 MSK 2025 | 50MB
/tmp/zzaaz_090225/z.z.z_090225.aa. | Sun Feb  9 00:12:05 MSK 2025 | 50MB
/tmp/zzaaz_090225/..azaz_090225.aaz | Sun Feb  9 00:12:05 MSK 2025 | 50MB
/tmp/azazzaa_090225/.zaz_090225.z.. | Sun Feb  9 00:12:05 MSK 2025 | 50MB
/tmp/azazzaa_090225/aazzaa_090225.zzz | Sun Feb  9 00:12:05 MSK 2025 | 50MB
/tmp/azazzaa_090225/zaazzz_090225.zaz | Sun Feb  9 00:12:05 MSK 2025 | 50MB
/tmp/azazzaa_090225/aa.z_090225.z.a | Sun Feb  9 00:12:05 MSK 2025 | 50MB
/tmp/azazzaa_090225/zazaa_090225.z.z | Sun Feb  9 00:12:05 MSK 2025 | 50MB
/tmp/azazzaa_090225/.azaa_090225.aaz | Sun Feb  9 00:12:05 MSK 2025 | 50MB
/tmp/azazzaa_090225/az...z_090225.aa. | Sun Feb  9 00:12:05 MSK 2025 | 50MB
/tmp/azazzaa_090225/aaaa_090225.aza | Sun Feb  9 00:12:05 MSK 2025 | 50MB
/tmp/zaazaz_090225/az.a._090225.zzz | Sun Feb  9 00:12:05 MSK 2025 | 50MB
/tmp/zaazaz_090225/zzaaz_090225.azz | Sun Feb  9 00:12:05 MSK 2025 | 50MB
/tmp/zaazaz_090225/aaa...z_090225.aza | Sun Feb  9 00:12:05 MSK 2025 | 50MB
/tmp/zaazaz_090225/zzzz.a_090225.zza | Sun Feb  9 00:12:05 MSK 2025 | 50MB
/tmp/zaazaz_090225/.aaaz.z_090225..a. | Sun Feb  9 00:12:05 MSK 2025 | 50MB
/tmp/zaazaz_090225/azzazz_090225.aaa | Sun Feb  9 00:12:05 MSK 2025 | 50MB
/tmp/zaazaz_090225/aa.z.z_090225.zza | Sun Feb  9 00:12:05 MSK 2025 | 50MB
/tmp/zaazaz_090225/zzzzaz_090225.zaz | Sun Feb  9 00:12:05 MSK 2025 | 50MB
/tmp/zazaaa_090225/z.z.az_090225.a.z | Sun Feb  9 00:12:05 MSK 2025 | 50MB
/tmp/zazaaa_090225/z.az._090225.aaa | Sun Feb  9 00:12:05 MSK 2025 | 50MB
/tmp/zazaaa_090225/a..azz_090225.zz. | Sun Feb  9 00:12:05 MSK 2025 | 50MB
/tmp/zazaaa_090225/.zaaa_090225..zz | Sun Feb  9 00:12:05 MSK 2025 | 50MB
/tmp/zazaaa_090225/a.zaa_090225.aza | Sun Feb  9 00:12:05 MSK 2025 | 50MB
/tmp/zazaaa_090225/z..z.z_090225.aaz | Sun Feb  9 00:12:05 MSK 2025 | 50MB
/tmp/zazaaa_090225/aaaa_090225.zaa | Sun Feb  9 00:12:05 MSK 2025 | 50MB
/tmp/zzzzaa_090225/aza..aa_090225.az. | Sun Feb  9 00:12:05 MSK 2025 | 50MB
/tmp/zzzzaa_090225/azzz._090225..aa | Sun Feb  9 00:12:05 MSK 2025 | 50MB
/tmp/zzzzaa_090225/aa.a._090225.zaa | Sun Feb  9 00:12:05 MSK 2025 | 50MB
/tmp/zzzzaa_090225/z..a.z_090225.zza | Sun Feb  9 00:12:05 MSK 2025 | 50MB
/tmp/zzzzaa_090225/zzzzaza_090225.aaa | Sun Feb  9 00:12:05 MSK 2025 | 50MB
/tmp/zzzzaa_090225/za.z.za_090225.zaz | Sun Feb  9 00:12:05 MSK 2025 | 50MB
/tmp/aazzz_090225/zazzaa_090225.a.a | Sun Feb  9 00:12:05 MSK 2025 | 50MB
/tmp/zazaaaz_090225/azaa_090225.zaa | Sun Feb  9 00:12:06 MSK 2025 | 50MB
/tmp/zazaaaz_090225/z..aa_090225.aza | Sun Feb  9 00:12:06 MSK 2025 | 50MB
/tmp/zazaaaz_090225/zaza_090225.zaa | Sun Feb  9 00:12:06 MSK 2025 | 50MB
/tmp/zazaaaz_090225/za..zz_090225.aza | Sun Feb  9 00:12:06 MSK 2025 | 50MB
/tmp/zazaaaz_090225/aaaz_090225.za. | Sun Feb  9 00:12:06 MSK 2025 | 50MB
/tmp/zazaaaz_090225/.zaaa_090225.aza | Sun Feb  9 00:12:06 MSK 2025 | 50MB
/tmp/zazaaaz_090225/.zzzz.z_090225.aaz | Sun Feb  9 00:12:06 MSK 2025 | 50MB
/tmp/zazaaaz_090225/az.aza_090225.aza | Sun Feb  9 00:12:06 MSK 2025 | 50MB
/tmp/zaaz_090225/zzazaaa_090225.zaa | Sun Feb  9 00:12:06 MSK 2025 | 50MB
/tmp/zaaz_090225/.zzzz_090225.a.z | Sun Feb  9 00:12:06 MSK 2025 | 50MB
/tmp/zaaz_090225/azz._090225.z.z | Sun Feb  9 00:12:06 MSK 2025 | 50MB
/tmp/zaaz_090225/aaaaaza_090225.azz | Sun Feb  9 00:12:06 MSK 2025 | 50MB
/tmp/zaaz_090225/zaa.az_090225.zza | Sun Feb  9 00:12:06 MSK 2025 | 50MB
/tmp/zaaz_090225/zzza_090225.aaz | Sun Feb  9 00:12:06 MSK 2025 | 50MB
/tmp/zaaz_090225/zzza_090225.aza | Sun Feb  9 00:12:06 MSK 2025 | 50MB
/tmp/zaaz_090225/.zzazza_090225.zaa | Sun Feb  9 00:12:06 MSK 2025 | 50MB
/tmp/zaaz_090225/aaa.a_090225.zaz | Sun Feb  9 00:12:06 MSK 2025 | 50MB
/tmp/zaaz_090225/zaaza_090225.aaz | Sun Feb  9 00:12:06 MSK 2025 | 50MB
/tmp/zzazz_090225/a.zaa_090225.z.a | Sun Feb  9 00:12:06 MSK 2025 | 50MB
/tmp/zzazz_090225/z.z.zza_090225.a.a | Sun Feb  9 00:12:06 MSK 2025 | 50MB
/tmp/aazzzz_090225/.zzza_090225.aaa | Sun Feb  9 00:12:06 MSK 2025 | 50MB
/tmp/aazzzz_090225/zz.az_090225..za | Sun Feb  9 00:12:06 MSK 2025 | 50MB
/tmp/zzzzz_090225/zazazza_090225.aaz | Sun Feb  9 00:12:06 MSK 2025 | 50MB
/tmp/zzzzz_090225/..z..aa_090225.aaz | Sun Feb  9 00:12:06 MSK 2025 | 50MB
/tmp/aazaza_090225/aa.az_090225.zaa | Sun Feb  9 00:12:06 MSK 2025 | 50MB
/tmp/aazaza_090225/zzzaa_090225..z. | Sun Feb  9 00:12:06 MSK 2025 | 50MB
/tmp/zaazz_090225/zzzzza_090225.azz | Sun Feb  9 00:12:06 MSK 2025 | 50MB
/tmp/zaazz_090225/a..z.zz_090225.za. | Sun Feb  9 00:12:06 MSK 2025 | 50MB
/tmp/zaazz_090225/azzaza._090225..az | Sun Feb  9 00:12:06 MSK 2025 | 50MB
/tmp/zaazz_090225/azaz_090225.z.a | Sun Feb  9 00:12:06 MSK 2025 | 50MB
/tmp/zaazz_090225/a.aaz._090225.zaa | Sun Feb  9 00:12:06 MSK 2025 | 50MB
/tmp/zaazz_090225/azzz_090225..az | Sun Feb  9 00:12:06 MSK 2025 | 50MB
/tmp/zaazz_090225/aa.a_090225.aa. | Sun Feb  9 00:12:06 MSK 2025 | 50MB
/tmp/zaazz_090225/zzzzza._090225.... | Sun Feb  9 00:12:06 MSK 2025 | 50MB
/tmp/zaazz_090225/az.zaz_090225.azz | Sun Feb  9 00:12:06 MSK 2025 | 50MB
/tmp/zaazz_090225/azz.zaa_090225.zzz | Sun Feb  9 00:12:06 MSK 2025 | 50MB
/tmp/azzz_090225/z..aaza_090225.zaa | Sun Feb  9 00:12:06 MSK 2025 | 50MB
/tmp/azzz_090225/zza.za._090225...a | Sun Feb  9 00:12:06 MSK 2025 | 50MB
/tmp/azzz_090225/zzza_090225.az. | Sun Feb  9 00:12:06 MSK 2025 | 50MB
/tmp/azzz_090225/a.zz_090225.azz | Sun Feb  9 00:12:06 MSK 2025 | 50MB
/tmp/azzz_090225/aaz._090225.az. | Sun Feb  9 00:12:06 MSK 2025 | 50MB
/tmp/azzz_090225/aaz._090225.zaa | Sun Feb  9 00:12:06 MSK 2025 | 50MB
/tmp/azzz_090225/az.z_090225..aa | Sun Feb  9 00:12:07 MSK 2025 | 50MB
/tmp/azzz_090225/zaaza_090225..a. | Sun Feb  9 00:12:07 MSK 2025 | 50MB
/tmp/azzz_090225/zaz.za._090225.z.a | Sun Feb  9 00:12:07 MSK 2025 | 50MB
/tmp/azzz_090225/.zaaa_090225.aaz | Sun Feb  9 00:12:07 MSK 2025 | 50MB
/tmp/azazaz_090225/aaaa._090225.zzz | Sun Feb  9 00:12:07 MSK 2025 | 50MB
/tmp/azazaz_090225/zazzzz_090225.aza | Sun Feb  9 00:12:07 MSK 2025 | 50MB
/tmp/azazaz_090225/aza._090225..zz | Sun Feb  9 00:12:07 MSK 2025 | 50MB
/tmp/azazaz_090225/azz.z.z_090225.zzz | Sun Feb  9 00:12:07 MSK 2025 | 50MB
/tmp/azazaz_090225/az.z_090225.zza | Sun Feb  9 00:12:07 MSK 2025 | 50MB
/tmp/azazaz_090225/zzzaz_090225.aaa | Sun Feb  9 00:12:07 MSK 2025 | 50MB
/tmp/zaaaa_090225/zzzza._090225.aaz | Sun Feb  9 00:12:07 MSK 2025 | 50MB
/tmp/aaza_090225/azzza_090225.zaa | Sun Feb  9 00:12:07 MSK 2025 | 50MB
/tmp/aaza_090225/azaa_090225.aa. | Sun Feb  9 00:12:07 MSK 2025 | 50MB
/tmp/aaza_090225/zzz.aa._090225.a.a | Sun Feb  9 00:12:07 MSK 2025 | 50MB
/tmp/aaza_090225/zzz.z_090225.a.. | Sun Feb  9 00:12:07 MSK 2025 | 50MB
/tmp/aaza_090225/zaa._090225.z.z | Sun Feb  9 00:12:07 MSK 2025 | 50MB
/tmp/aaza_090225/.z....a_090225.zza | Sun Feb  9 00:12:07 MSK 2025 | 50MB
/tmp/azaz_090225/.za.aaz_090225.zaz | Sun Feb  9 00:12:07 MSK 2025 | 50MB
/tmp/azzaz_090225/aa.z_090225..z. | Sun Feb  9 00:12:07 MSK 2025 | 50MB
/tmp/azzaz_090225/a.aa_090225.zaa | Sun Feb  9 00:12:07 MSK 2025 | 50MB
/tmp/azzaz_090225/zaazzz._090225.aa. | Sun Feb  9 00:12:07 MSK 2025 | 50MB
/tmp/azzaz_090225/az..z_090225.zza | Sun Feb  9 00:12:07 MSK 2025 | 50MB
/tmp/azzaz_090225/azzaaz_090225...z | Sun Feb  9 00:12:07 MSK 2025 | 50MB
/tmp/azzaz_090225/zz.aaza_090225.z.z | Sun Feb  9 00:12:07 MSK 2025 | 50MB
/tmp/azzaz_090225/aazaaz_090225.zzz | Sun Feb  9 00:12:07 MSK 2025 | 50MB
/tmp/aazzzaz_090225/z.z..z_090225.zaa | Sun Feb  9 00:12:07 MSK 2025 | 50MB
/tmp/zzzzaza_090225/azaz.aa_090225...a | Sun Feb  9 00:12:07 MSK 2025 | 50MB
/tmp/azaaz_090225/z.zzza._090225.zaa | Sun Feb  9 00:12:07 MSK 2025 | 50MB
/tmp/azaaz_090225/az.az_090225..aa | Sun Feb  9 00:12:07 MSK 2025 | 50MB
/tmp/azaaz_090225/aaaz_090225..za | Sun Feb  9 00:12:07 MSK 2025 | 50MB
/tmp/azaaz_090225/a.a..za_090225.aa. | Sun Feb  9 00:12:07 MSK 2025 | 50MB
/tmp/azaaa_090225/.zaz_090225.azz | Sun Feb  9 00:12:07 MSK 2025 | 50MB
/tmp/azaaa_090225/zzazz_090225..az | Sun Feb  9 00:12:07 MSK 2025 | 50MB
/tmp/azaaa_090225/.zazaza_090225.aa. | Sun Feb  9 00:12:07 MSK 2025 | 50MB
/tmp/azaaa_090225/aaaz_090225.zzz | Sun Feb  9 00:12:07 MSK 2025 | 50MB
/tmp/azaaa_090225/azaaaza_090225.aaz | Sun Feb  9 00:12:07 MSK 2025 | 50MB
/tmp/azaaa_090225/zaz.aa_090225.za. | Sun Feb  9 00:12:07 MSK 2025 | 50MB
/tmp/azaaa_090225/.a.a_090225.zaa | Sun Feb  9 00:12:07 MSK 2025 | 50MB
/tmp/azaaa_090225/aa.a_090225.z.a | Sun Feb  9 00:12:07 MSK 2025 | 50MB
/tmp/azaaa_090225/zzazzz._090225.zza | Sun Feb  9 00:12:07 MSK 2025 | 50MB
/tmp/aazzz_090225/a.zzz.z_090225.zz. | Sun Feb  9 00:12:08 MSK 2025 | 50MB
/tmp/aazzz_090225/.z.zzza_090225.... | Sun Feb  9 00:12:08 MSK 2025 | 50MB
/tmp/azaz_090225/zzza_090225.z.z | Sun Feb  9 00:12:08 MSK 2025 | 50MB
/tmp/azaz_090225/azaazz._090225..za | Sun Feb  9 00:12:08 MSK 2025 | 50MB
/tmp/azaz_090225/aazz_090225.a.. | Sun Feb  9 00:12:08 MSK 2025 | 50MB
/tmp/azaz_090225/aazzzaz_090225..zz | Sun Feb  9 00:12:08 MSK 2025 | 50MB
/tmp/azaz_090225/.aza_090225.aza | Sun Feb  9 00:12:08 MSK 2025 | 50MB
/tmp/azaz_090225/azaz_090225..az | Sun Feb  9 00:12:08 MSK 2025 | 50MB
/tmp/azaz_090225/zaazazz_090225.aaz | Sun Feb  9 00:12:08 MSK 2025 | 50MB
/tmp/azzzaa_090225/a.aa._090225.zza | Sun Feb  9 00:12:08 MSK 2025 | 50MB
/tmp/azzzaa_090225/azaz._090225.zaz | Sun Feb  9 00:12:08 MSK 2025 | 50MB
/tmp/azzzaa_090225/z.azz._090225.z.. | Sun Feb  9 00:12:08 MSK 2025 | 50MB
/tmp/aaaaaa_090225/.aaazzz_090225..za | Sun Feb  9 00:12:08 MSK 2025 | 50MB
/tmp/aaaaaa_090225/a.azza_090225.a.z | Sun Feb  9 00:12:08 MSK 2025 | 50MB
/tmp/aaaaaa_090225/..aa_090225...z | Sun Feb  9 00:12:08 MSK 2025 | 50MB
/tmp/aaaaaa_090225/az.aa_090225.aaa | Sun Feb  9 00:12:08 MSK 2025 | 50MB
/tmp/aaaaaa_090225/azza.za_090225..a. | Sun Feb  9 00:12:08 MSK 2025 | 50MB
/tmp/aaaaaa_090225/.aaz_090225.a.a | Sun Feb  9 00:12:08 MSK 2025 | 50MB
/tmp/aaaaaa_090225/a.aza_090225...a | Sun Feb  9 00:12:08 MSK 2025 | 50MB
/tmp/zazazzz_090225/zz.z_090225..az | Sun Feb  9 00:12:08 MSK 2025 | 50MB
/tmp/zazazzz_090225/zzazz_090225.aaa | Sun Feb  9 00:12:08 MSK 2025 | 50MB
/tmp/zzazza_090225/zaza_090225.z.a | Sun Feb  9 00:12:08 MSK 2025 | 50MB
/tmp/azzaazz_090225/zaazaza_090225.a.. | Sun Feb  9 00:12:08 MSK 2025 | 50MB
/tmp/azzaazz_090225/zaaz_090225.zaz | Sun Feb  9 00:12:08 MSK 2025 | 50MB
/tmp/azzaazz_090225/z.azaz_090225..az | Sun Feb  9 00:12:08 MSK 2025 | 50MB
/tmp/azzaazz_090225/azzaaza_090225.a.a | Sun Feb  9 00:12:08 MSK 2025 | 50MB
/tmp/azzaazz_090225/zaazaaa_090225..z. | Sun Feb  9 00:12:08 MSK 2025 | 50MB
/tmp/azzaazz_090225/za..zz_090225.aza | Sun Feb  9 00:12:08 MSK 2025 | 50MB
/tmp/azzaazz_090225/aa.z_090225.azz | Sun Feb  9 00:12:08 MSK 2025 | 50MB
/tmp/azzaazz_090225/zzz.azz_090225.zzz | Sun Feb  9 00:12:08 MSK 2025 | 50MB
/tmp/azzaazz_090225/zzza.z_090225.aza | Sun Feb  9 00:12:08 MSK 2025 | 50MB
/tmp/azzaazz_090225/zaaaza._090225.z.a | Sun Feb  9 00:12:08 MSK 2025 | 50MB
/tmp/aazz_090225/azzzaz_090225.aza | Sun Feb  9 00:12:08 MSK 2025 | 50MB
/tmp/aazz_090225/.aazaz_090225.aaz | Sun Feb  9 00:12:08 MSK 2025 | 50MB
/tmp/aazz_090225/aaaazzz_090225..za | Sun Feb  9 00:12:08 MSK 2025 | 50MB
/tmp/aazz_090225/zzza_090225.a.a | Sun Feb  9 00:12:08 MSK 2025 | 50MB
/tmp/aazz_090225/azz.za_090225.aaz | Sun Feb  9 00:12:08 MSK 2025 | 50MB
/tmp/aazz_090225/z.aa_090225.zaz | Sun Feb  9 00:12:08 MSK 2025 | 50MB
/tmp/aazz_090225/azaaa.a_090225.aaa | Sun Feb  9 00:12:09 MSK 2025 | 50MB
/tmp/aazz_090225/zazz_090225.aza | Sun Feb  9 00:12:09 MSK 2025 | 50MB
/tmp/zaaa_090225/zaaz.za_090225..a. | Sun Feb  9 00:12:09 MSK 2025 | 50MB
/tmp/aaaazza_090225/zaaa_090225.zz. | Sun Feb  9 00:12:09 MSK 2025 | 50MB
/tmp/aaaazza_090225/.zazz_090225.aa. | Sun Feb  9 00:12:09 MSK 2025 | 50MB
/tmp/aaaazza_090225/.zazza._090225.aaa | Sun Feb  9 00:12:09 MSK 2025 | 50MB
/tmp/zaazazz_090225/zazaaaa_090225.aza | Sun Feb  9 00:12:09 MSK 2025 | 50MB
/tmp/zaazazz_090225/azza_090225..za | Sun Feb  9 00:12:09 MSK 2025 | 50MB
/tmp/zaazazz_090225/.zaz.._090225.zza | Sun Feb  9 00:12:09 MSK 2025 | 50MB
/tmp/zaazazz_090225/..zaaa._090225.a.. | Sun Feb  9 00:12:09 MSK 2025 | 50MB
/tmp/zzzaa_090225/z.zz_090225.aaa | Sun Feb  9 00:12:09 MSK 2025 | 50MB
/tmp/zzzaa_090225/z.az_090225.zaa | Sun Feb  9 00:12:09 MSK 2025 | 50MB
/tmp/zzzaa_090225/.azzza_090225..zz | Sun Feb  9 00:12:09 MSK 2025 | 50MB
/tmp/zzzaa_090225/zzaa_090225.az. | Sun Feb  9 00:12:09 MSK 2025 | 50MB
/tmp/zzzaa_090225/aaza.z_090225.za. | Sun Feb  9 00:12:09 MSK 2025 | 50MB
/tmp/zzzaa_090225/zaz._090225.zaa | Sun Feb  9 00:12:09 MSK 2025 | 50MB
/tmp/zzzaa_090225/zzaz.aa_090225.a.a | Sun Feb  9 00:12:09 MSK 2025 | 50MB
/tmp/zzzaa_090225/.azazaa_090225.zaa | Sun Feb  9 00:12:09 MSK 2025 | 50MB
/tmp/zzzaa_090225/aaaa.zz_090225.z.z | Sun Feb  9 00:12:09 MSK 2025 | 50MB
/tmp/zazaaz_090225/za.z_090225.aaz | Sun Feb  9 00:12:09 MSK 2025 | 50MB
/tmp/zazaaz_090225/z..zz._090225.zzz | Sun Feb  9 00:12:09 MSK 2025 | 50MB
/tmp/aazaazz_090225/zaazz_090225.a.a | Sun Feb  9 00:12:09 MSK 2025 | 50MB
/tmp/aazaazz_090225/azzaz._090225.zz. | Sun Feb  9 00:12:09 MSK 2025 | 50MB
/tmp/aazaazz_090225/zz.._090225.aza | Sun Feb  9 00:12:09 MSK 2025 | 50MB
/tmp/aazaazz_090225/aaaa_090225.za. | Sun Feb  9 00:12:09 MSK 2025 | 50MB
/tmp/aazaazz_090225/aazaz._090225.zzz | Sun Feb  9 00:12:09 MSK 2025 | 50MB
/tmp/zzzza_090225/azz._090225.a.z | Sun Feb  9 00:12:09 MSK 2025 | 50MB
/tmp/zzzza_090225/zaa.aa_090225.azz | Sun Feb  9 00:12:09 MSK 2025 | 50MB
/tmp/zzzza_090225/aaaa._090225.aa. | Sun Feb  9 00:12:09 MSK 2025 | 50MB
/tmp/zzzza_090225/a...._090225..aa | Sun Feb  9 00:12:09 MSK 2025 | 50MB
/tmp/zzzza_090225/az.aaza_090225.zz. | Sun Feb  9 00:12:09 MSK 2025 | 50MB
/tmp/zzzza_090225/zaaz.._090225.az. | Sun Feb  9 00:12:09 MSK 2025 | 50MB
/tmp/zzzza_090225/zazz_090225.aaa | Sun Feb  9 00:12:09 MSK 2025 | 50MB
/tmp/zzzza_090225/zaaz_090225.zaa | Sun Feb  9 00:12:09 MSK 2025 | 50MB
/tmp/zzzza_090225/azaaz.z_090225.aza | Sun Feb  9 00:12:09 MSK 2025 | 50MB
/tmp/zzzzz_090225/.aazz_090225.zaz | Sun Feb  9 00:12:10 MSK 2025 | 50MB
/tmp/zzzzz_090225/azaza_090225.aaz | Sun Feb  9 00:12:10 MSK 2025 | 50MB
/tmp/zzzzz_090225/..z.aaa_090225..a. | Sun Feb  9 00:12:10 MSK 2025 | 50MB
/tmp/zzzzz_090225/.azaa_090225.azz | Sun Feb  9 00:12:10 MSK 2025 | 50MB
/tmp/zzzzz_090225/azazzza_090225.azz | Sun Feb  9 00:12:10 MSK 2025 | 50MB
/tmp/zzzzz_090225/zz.z_090225.aza | Sun Feb  9 00:12:10 MSK 2025 | 50MB
/tmp/zzzzz_090225/aaza_090225.aza | Sun Feb  9 00:12:10 MSK 2025 | 50MB
/tmp/zzzzz_090225/aazzaza_090225.a.a | Sun Feb  9 00:12:10 MSK 2025 | 50MB
/tmp/azzaazz_090225/a.aza_090225.z.a | Sun Feb  9 00:12:10 MSK 2025 | 50MB
/tmp/zaazaaa_090225/aza.azz_090225.azz | Sun Feb  9 00:12:10 MSK 2025 | 50MB
/tmp/zaazaaa_090225/..z.zzz_090225..a. | Sun Feb  9 00:12:10 MSK 2025 | 50MB
/tmp/zaazaaa_090225/zzaaa_090225.aaa | Sun Feb  9 00:12:10 MSK 2025 | 50MB
/tmp/zaazaaa_090225/z.zaaa_090225.zzz | Sun Feb  9 00:12:10 MSK 2025 | 50MB
/tmp/azzzz_090225/z.az_090225.zaa | Sun Feb  9 00:12:10 MSK 2025 | 50MB
/tmp/azzzz_090225/z.azzza_090225.azz | Sun Feb  9 00:12:10 MSK 2025 | 50MB
/tmp/azzzz_090225/aaa._090225..az | Sun Feb  9 00:12:10 MSK 2025 | 50MB
/tmp/azzzz_090225/z.zaz_090225.zaa | Sun Feb  9 00:12:10 MSK 2025 | 50MB
/tmp/azzzz_090225/aaaz._090225..za | Sun Feb  9 00:12:10 MSK 2025 | 50MB
/tmp/azzzz_090225/.zaza_090225.aza | Sun Feb  9 00:12:10 MSK 2025 | 50MB
/tmp/azzzz_090225/zz.aaaz_090225.aaz | Sun Feb  9 00:12:10 MSK 2025 | 50MB
/tmp/azzzz_090225/..zza._090225.azz | Sun Feb  9 00:12:10 MSK 2025 | 50MB
/tmp/azaaa_090225/zzzz_090225..az | Sun Feb  9 00:12:10 MSK 2025 | 50MB
/tmp/azaaa_090225/z.az._090225..a. | Sun Feb  9 00:12:10 MSK 2025 | 50MB
/tmp/azaaa_090225/zaaz_090225.az. | Sun Feb  9 00:12:10 MSK 2025 | 50MB
/tmp/azaaa_090225/zz.zaz._090225.azz | Sun Feb  9 00:12:10 MSK 2025 | 50MB
/tmp/azaaa_090225/aa.aa_090225.az. | Sun Feb  9 00:12:10 MSK 2025 | 50MB
/tmp/azaaa_090225/a.aa_090225.aza | Sun Feb  9 00:12:10 MSK 2025 | 50MB
/tmp/azaaa_090225/aaaaz._090225.z.a | Sun Feb  9 00:12:10 MSK 2025 | 50MB
/tmp/azaaa_090225/zza._090225..zz | Sun Feb  9 00:12:10 MSK 2025 | 50MB
/tmp/azaaa_090225/z.aaza._090225.zaz | Sun Feb  9 00:12:10 MSK 2025 | 50MB
/tmp/azaa_090225/a.zazaz_090225.zaz | Sun Feb  9 00:12:10 MSK 2025 | 50MB
/tmp/azaa_090225/za..azz_090225.zzz | Sun Feb  9 00:12:10 MSK 2025 | 50MB
/tmp/zaazz_090225/za.az_090225...a | Sun Feb  9 00:12:10 MSK 2025 | 50MB
/tmp/zaazz_090225/aa.z.a._090225.z.z | Sun Feb  9 00:12:11 MSK 2025 | 50MB
/tmp/zaazz_090225/aazzaz_090225.azz | Sun Feb  9 00:12:11 MSK 2025 | 50MB
/tmp/zaazz_090225/.aaz.zz_090225.zaz | Sun Feb  9 00:12:11 MSK 2025 | 50MB
/tmp/zaazz_090225/a.az_090225.za. | Sun Feb  9 00:12:11 MSK 2025 | 50MB
/tmp/zaazz_090225/za.az_090225.zz. | Sun Feb  9 00:12:11 MSK 2025 | 50MB
/tmp/zaazz_090225/zz.z_090225...a | Sun Feb  9 00:12:11 MSK 2025 | 50MB
/tmp/zaazz_090225/aaza_090225.... | Sun Feb  9 00:12:11 MSK 2025 | 50MB
/tmp/azazaaz_090225/za.a_090225.aaz | Sun Feb  9 00:12:11 MSK 2025 | 50MB
/tmp/azazaaz_090225/zazaz_090225.z.z | Sun Feb  9 00:12:11 MSK 2025 | 50MB
/tmp/azazaaz_090225/zza._090225.za. | Sun Feb  9 00:12:11 MSK 2025 | 50MB
/tmp/azazaaz_090225/a.zz.az_090225.zaa | Sun Feb  9 00:12:11 MSK 2025 | 50MB
/tmp/azazaaz_090225/a.zzz._090225..za | Sun Feb  9 00:12:11 MSK 2025 | 50MB
/tmp/azazaaz_090225/zazzzaz_090225.z.z | Sun Feb  9 00:12:11 MSK 2025 | 50MB
/tmp/azazaaz_090225/z..._090225.z.z | Sun Feb  9 00:12:11 MSK 2025 | 50MB
/tmp/azazaaz_090225/aaza_090225..az | Sun Feb  9 00:12:11 MSK 2025 | 50MB
/tmp/azazaaz_090225/zaaz.z_090225.zaa | Sun Feb  9 00:12:11 MSK 2025 | 50MB
/tmp/aaaa_090225/a.aza._090225.zaz | Sun Feb  9 00:12:11 MSK 2025 | 50MB
/tmp/aaaa_090225/azaa_090225.azz | Sun Feb  9 00:12:11 MSK 2025 | 50MB
/tmp/aaaa_090225/zzzzzz_090225.aza | Sun Feb  9 00:12:11 MSK 2025 | 50MB
/tmp/aaaa_090225/aa.a_090225..zz | Sun Feb  9 00:12:11 MSK 2025 | 50MB
/tmp/aaaa_090225/aa.z_090225..az | Sun Feb  9 00:12:11 MSK 2025 | 50MB
/tmp/aaaa_090225/zzz.z_090225.zaa | Sun Feb  9 00:12:11 MSK 2025 | 50MB
/tmp/zzzaaz_090225/aaz.aza_090225.a.z | Sun Feb  9 00:12:11 MSK 2025 | 50MB
/tmp/zzzaaz_090225/zaaz_090225.aaz | Sun Feb  9 00:12:11 MSK 2025 | 50MB
/tmp/zzzaaz_090225/az.a_090225.z.. | Sun Feb  9 00:12:11 MSK 2025 | 50MB
/tmp/zzzaaz_090225/zazaa_090225..za | Sun Feb  9 00:12:11 MSK 2025 | 50MB
/tmp/zzzaaz_090225/.za.z_090225.azz | Sun Feb  9 00:12:11 MSK 2025 | 50MB
/tmp/aazaz_090225/.azzzz_090225.zza | Sun Feb  9 00:12:11 MSK 2025 | 50MB
/tmp/aazaz_090225/aaz.za_090225.zaa | Sun Feb  9 00:12:11 MSK 2025 | 50MB
/tmp/aazaz_090225/aa.zz_090225.zzz | Sun Feb  9 00:12:11 MSK 2025 | 50MB
/tmp/aazaz_090225/zaaaz._090225.aza | Sun Feb  9 00:12:11 MSK 2025 | 50MB
/tmp/aazaz_090225/...aaaa_090225.aaz | Sun Feb  9 00:12:11 MSK 2025 | 50MB
/tmp/aazaz_090225/aazzz._090225.aaa | Sun Feb  9 00:12:11 MSK 2025 | 50MB
/tmp/aazaz_090225/aazzzz._090225.aaa | Sun Feb  9 00:12:11 MSK 2025 | 50MB
/tmp/aazaz_090225/azaa._090225.aza | Sun Feb  9 00:12:12 MSK 2025 | 50MB
/tmp/aazaz_090225/azaa.z._090225.zz. | Sun Feb  9 00:12:12 MSK 2025 | 50MB
/tmp/aazaz_090225/aaa.aa_090225.aaa | Sun Feb  9 00:12:12 MSK 2025 | 50MB
/tmp/zzza_090225/zazz_090225.z.a | Sun Feb  9 00:12:12 MSK 2025 | 50MB
/tmp/zzza_090225/z.aa_090225..aa | Sun Feb  9 00:12:12 MSK 2025 | 50MB
/tmp/zzza_090225/az.zzaa_090225.aaa | Sun Feb  9 00:12:12 MSK 2025 | 50MB
/tmp/zzza_090225/az.._090225.z.z | Sun Feb  9 00:12:12 MSK 2025 | 50MB
/tmp/zzza_090225/zzza_090225.aaa | Sun Feb  9 00:12:12 MSK 2025 | 50MB
/tmp/zzza_090225/z.za_090225.aza | Sun Feb  9 00:12:12 MSK 2025 | 50MB
/tmp/zzza_090225/zaaa.za_090225.azz | Sun Feb  9 00:12:12 MSK 2025 | 50MB
/tmp/zzza_090225/..a.za._090225.aa. | Sun Feb  9 00:12:12 MSK 2025 | 50MB
/tmp/aazzza_090225/.aa.za._090225.aza | Sun Feb  9 00:12:12 MSK 2025 | 50MB
/tmp/azzzz_090225/aazazza_090225...z | Sun Feb  9 00:12:12 MSK 2025 | 50MB
/tmp/azzzz_090225/zaza_090225..za | Sun Feb  9 00:12:12 MSK 2025 | 50MB
/tmp/azzzz_090225/z..z.z_090225..za | Sun Feb  9 00:12:12 MSK 2025 | 50MB
/tmp/azzzz_090225/azaa_090225.zzz | Sun Feb  9 00:12:12 MSK 2025 | 50MB
/tmp/azzzz_090225/azazz._090225.z.z | Sun Feb  9 00:12:12 MSK 2025 | 50MB
/tmp/azzzz_090225/zzza.az_090225.aza | Sun Feb  9 00:12:12 MSK 2025 | 50MB
/tmp/azzzz_090225/a.az..a_090225.z.z | Sun Feb  9 00:12:12 MSK 2025 | 50MB
/tmp/zazza_090225/zzaz_090225.zaa | Sun Feb  9 00:12:12 MSK 2025 | 50MB
/tmp/zazza_090225/az.zzzz_090225.aza | Sun Feb  9 00:12:12 MSK 2025 | 50MB
/tmp/zazza_090225/aazaaza_090225.z.z | Sun Feb  9 00:12:12 MSK 2025 | 50MB
/tmp/zazza_090225/aaaazz_090225.z.. | Sun Feb  9 00:12:12 MSK 2025 | 50MB
/tmp/aazaz_090225/a.za_090225.za. | Sun Feb  9 00:12:12 MSK 2025 | 50MB
/tmp/aazaz_090225/zaz.azz_090225..zz | Sun Feb  9 00:12:12 MSK 2025 | 50MB
/tmp/aazaz_090225/zza.zz_090225.zza | Sun Feb  9 00:12:12 MSK 2025 | 50MB
/tmp/aazaz_090225/zzzzaaz_090225.zzz | Sun Feb  9 00:12:12 MSK 2025 | 50MB
/tmp/aazaz_090225/aazza_090225.aaa | Sun Feb  9 00:12:12 MSK 2025 | 50MB
/tmp/aazaz_090225/zzzzz.z_090225.aa. | Sun Feb  9 00:12:12 MSK 2025 | 50MB
/tmp/aazaz_090225/az.a_090225..aa | Sun Feb  9 00:12:12 MSK 2025 | 50MB
/tmp/aazaz_090225/z.z.za_090225..z. | Sun Feb  9 00:12:12 MSK 2025 | 50MB
/tmp/aazaz_090225/.azza_090225.aza | Sun Feb  9 00:12:14 MSK 2025 | 50MB
/tmp/aaaa_090225/.z..aaa_090225.aaz | Sun Feb  9 00:12:14 MSK 2025 | 50MB
/tmp/aaaa_090225/zazz_090225.zaz | Sun Feb  9 00:12:14 MSK 2025 | 50MB
/tmp/aaaa_090225/za.._090225.zzz | Sun Feb  9 00:12:14 MSK 2025 | 50MB
/tmp/aaaa_090225/.z.a_090225.zaa | Sun Feb  9 00:12:14 MSK 2025 | 50MB
/tmp/aaaa_090225/zzzz_090225.az. | Sun Feb  9 00:12:15 MSK 2025 | 50MB
/tmp/aaaa_090225/aaza_090225.a.a | Sun Feb  9 00:12:15 MSK 2025 | 50MB
/tmp/aaaa_090225/aza.a_090225..a. | Sun Feb  9 00:12:15 MSK 2025 | 50MB
/tmp/aaaa_090225/az.z_090225.a.z | Sun Feb  9 00:12:15 MSK 2025 | 50MB
/tmp/azzzzza_090225/zza.zza_090225..az | Sun Feb  9 00:12:15 MSK 2025 | 50MB
/tmp/azzzzza_090225/a.aa._090225.azz | Sun Feb  9 00:12:15 MSK 2025 | 50MB
/tmp/azzzzza_090225/a.a.z_090225.aaa | Sun Feb  9 00:12:15 MSK 2025 | 50MB
/tmp/azzzaz_090225/aazaaz_090225.azz | Sun Feb  9 00:12:15 MSK 2025 | 50MB
/tmp/azzzaz_090225/.aaza_090225.z.a | Sun Feb  9 00:12:15 MSK 2025 | 50MB
/tmp/azzzaz_090225/..zza._090225.zza | Sun Feb  9 00:12:15 MSK 2025 | 50MB
/tmp/azzzaz_090225/aazz.z_090225.aza | Sun Feb  9 00:12:15 MSK 2025 | 50MB
